c:\users\thomas\source\repos\pacman\pacman\debug\vc120.pdb
c:\users\thomas\source\repos\pacman\pacman\debug\vc120.idb
c:\users\thomas\source\repos\pacman\pacman\debug\circle.obj
c:\users\thomas\source\repos\pacman\pacman\debug\level.obj
c:\users\thomas\source\repos\pacman\pacman\debug\map.obj
c:\users\thomas\source\repos\pacman\pacman\debug\movingenemy.obj
c:\users\thomas\source\repos\pacman\pacman\debug\munchie.obj
c:\users\thomas\source\repos\pacman\pacman\debug\gameobject.obj
c:\users\thomas\source\repos\pacman\pacman\debug\main.obj
c:\users\thomas\source\repos\pacman\pacman\debug\pacman.obj
c:\users\thomas\source\repos\pacman\pacman\debug\player.obj
c:\users\thomas\source\repos\pacman\pacman\debug\tile.obj
c:\users\thomas\source\repos\pacman\pacman\debug\patrolroute.obj
c:\users\thomas\source\repos\pacman\debug\pacman.ilk
c:\users\thomas\source\repos\pacman\debug\pacman.exe
c:\users\thomas\source\repos\pacman\debug\pacman.pdb
c:\users\thomas\source\repos\pacman\pacman\debug\pacman.tlog\cl.command.1.tlog
c:\users\thomas\source\repos\pacman\pacman\debug\pacman.tlog\cl.read.1.tlog
c:\users\thomas\source\repos\pacman\pacman\debug\pacman.tlog\cl.write.1.tlog
c:\users\thomas\source\repos\pacman\pacman\debug\pacman.tlog\link.command.1.tlog
c:\users\thomas\source\repos\pacman\pacman\debug\pacman.tlog\link.read.1.tlog
c:\users\thomas\source\repos\pacman\pacman\debug\pacman.tlog\link.write.1.tlog
